	<!DOCTYPE beans PUBLIC "-//SPRING//DTD BEAN 2.0//EN"
			"http://www.springframework.org/dtd/spring-beans-2.0.dtd">
<beans>
    <!-- create Car inject engine -->
        <bean id="c1" class="beans.Car">
            <property name="carname" value="BMW"/>
            <property name="engine">
                <bean class="beans.Engine">
                    <property name="enginename" value="BMW123Eng"/>
                </bean>
            </property>    
        </bean>
    
</beans>